*********************************************************************
* LD Score Regression (LDSC)
* Version 1.0.1
* (C) 2014-2019 Brendan Bulik-Sullivan and Hilary Finucane
* Broad Institute of MIT and Harvard / MIT Department of Mathematics
* GNU General Public License v3
*********************************************************************
Call: 
./ldsc.py \
--ref-ld-chr /cbica/projects/kimlab/software_dir/ldsc/eur_w_ld_chr/ \
--out rgResults/female/phe1_cc_Block_A00-A09_phe2_cc_Block_A30-A49_rg_female \
--rg munged_female_bernabeu_blocks/munged_cc_Block_A00-A09.sumstats.gz,munged_female_bernabeu_blocks/munged_cc_Block_A30-A49.sumstats.gz \
--w-ld-chr /cbica/projects/kimlab/software_dir/ldsc/eur_w_ld_chr/ 

Beginning analysis at Wed Apr 19 09:51:53 2023
Reading summary statistics from munged_female_bernabeu_blocks/munged_cc_Block_A00-A09.sumstats.gz ...
Read summary statistics for 26520 SNPs.
Reading reference panel LD Score from /cbica/projects/kimlab/software_dir/ldsc/eur_w_ld_chr/[1-22] ... (ldscore_fromlist)
Read reference panel LD Scores for 1290028 SNPs.
Removing partitioned LD Scores with zero variance.
Reading regression weight LD Score from /cbica/projects/kimlab/software_dir/ldsc/eur_w_ld_chr/[1-22] ... (ldscore_fromlist)
Read regression weight LD Scores for 1290028 SNPs.
After merging with reference panel LD, 26245 SNPs remain.
After merging with regression SNP LD, 26245 SNPs remain.
Computing rg for phenotype 2/2
Reading summary statistics from munged_female_bernabeu_blocks/munged_cc_Block_A30-A49.sumstats.gz ...
Read summary statistics for 1217311 SNPs.
After merging with summary statistics, 26245 SNPs remain.
26245 SNPs with valid alleles.
WARNING: number of SNPs less than 200k; this is almost always bad.

Heritability of phenotype 1
---------------------------
Total Observed scale h2: -0.0016 (0.0047)
Lambda GC: 1.0315
Mean Chi^2: 1.0152
Intercept: 1.0216 (0.0198)
Ratio: 1.4201 (1.3038)

Heritability of phenotype 2/2
-----------------------------
Total Observed scale h2: 0.001 (0.0043)
Lambda GC: 0.9898
Mean Chi^2: 0.9939
Intercept: 0.99 (0.0195)
Ratio: NA (mean chi^2 < 1)

Genetic Covariance
------------------
Total Observed scale gencov: 2.4752e-05 (0.0034)
Mean z1*z2: 0.1183
Intercept: 0.1183 (0.0145)

Genetic Correlation
-------------------
Genetic Correlation: nan (nan) (h2  out of bounds) 
Z-score: nan (nan) (h2  out of bounds)
P: nan (nan) (h2  out of bounds)
WARNING: One of the h2's was out of bounds.
This usually indicates a data-munging error or that h2 or N is low.


Summary of Genetic Correlation Results
p1                                                                 p2  rg  se   z   p  h2_obs  h2_obs_se  h2_int  h2_int_se  gcov_int  gcov_int_se
munged_female_bernabeu_blocks/munged_cc_Block_A00-A09.sumstats.gz  munged_female_bernabeu_blocks/munged_cc_Block_A30-A49.sumstats.gz  NA  NA  NA  NA   0.001     0.0043    0.99     0.0195    0.1183       0.0145

Analysis finished at Wed Apr 19 09:52:00 2023
Total time elapsed: 7.71s
